<?xml version="1.0" encoding="UTF-8"?>
<!-- Generated by org.testng.reporters.JUnitReportReporter -->
<testsuite hostname="Jisha-HP-ENVY-Laptop" failures="0" tests="1" name="script.AddWhislistSearchWOLogin" time="25.033" errors="0" timestamp="2023-05-31T10:32:00 IST" skipped="0">
  <testcase classname="script.AddWhislistSearchWOLogin" name="AddProductBySearch" time="25.033"/>
  <system-out/>
</testsuite> <!-- script.AddWhislistSearchWOLogin -->
