<?xml version="1.0" encoding="UTF-8"?>
<!-- Generated by org.testng.reporters.JUnitReportReporter -->
<testsuite hostname="Jisha-HP-ENVY-Laptop" failures="0" tests="3" name="script.InvalidSignIn" time="77.536" errors="0" timestamp="2023-07-13T15:16:01 IST" skipped="0">
  <testcase classname="script.InvalidSignIn" name="testInvalidSignIn" time="25.575"/>
  <system-out/>
  <testcase classname="script.InvalidSignIn" name="testInvalidSignIn" time="26.117"/>
  <system-out/>
  <testcase classname="script.InvalidSignIn" name="testInvalidSignIn" time="25.844"/>
  <system-out/>
</testsuite> <!-- script.InvalidSignIn -->
