<?xml version="1.0" encoding="UTF-8"?>
<!-- Generated by org.testng.reporters.JUnitReportReporter -->
<testsuite hostname="Jisha-HP-ENVY-Laptop" failures="0" tests="1" name="script.SearchAddCartWithLogin" time="48.722" errors="0" timestamp="2023-07-14T09:23:36 IST" skipped="0">
  <testcase classname="script.SearchAddCartWithLogin" name="AddProducttocartwithLoginBySearch" time="48.722"/>
  <system-out/>
</testsuite> <!-- script.SearchAddCartWithLogin -->
