<?xml version="1.0" encoding="UTF-8"?>
<!-- Generated by org.testng.reporters.JUnitReportReporter -->
<testsuite hostname="Jisha-HP-ENVY-Laptop" failures="0" tests="1" name="script.AddProducttoCartbyStoreWLogin" time="56.373" errors="0" timestamp="2023-07-10T16:29:59 IST" skipped="0">
  <testcase classname="script.AddProducttoCartbyStoreWLogin" name="AddproductbyStoreWL" time="56.373"/>
  <system-out/>
</testsuite> <!-- script.AddProducttoCartbyStoreWLogin -->
