<?xml version="1.0" encoding="UTF-8"?>
<!-- Generated by org.testng.reporters.JUnitReportReporter -->
<testsuite hostname="Jisha-HP-ENVY-Laptop" failures="0" tests="1" name="script.ValidSignUpAndSingIn" time="129.776" errors="0" timestamp="2023-07-13T12:55:58 IST" skipped="0">
  <testcase classname="script.ValidSignUpAndSingIn" name="testNewUserSignUpAndSingIn" time="129.776"/>
  <system-out/>
</testsuite> <!-- script.ValidSignUpAndSingIn -->
