<?xml version="1.0" encoding="UTF-8"?>
<!-- Generated by org.testng.reporters.JUnitReportReporter -->
<testsuite hostname="Jisha-HP-ENVY-Laptop" failures="0" tests="1" name="script.NewCustomerChecoutForValidatingGC" time="59.573" errors="0" timestamp="2023-07-06T15:24:23 IST" skipped="0">
  <testcase classname="script.NewCustomerChecoutForValidatingGC" name="NewCustomerForGCValidation" time="59.573"/>
  <system-out/>
</testsuite> <!-- script.NewCustomerChecoutForValidatingGC -->
