<?xml version="1.0" encoding="UTF-8"?>
<!-- Generated by org.testng.reporters.JUnitReportReporter -->
<testsuite hostname="Jisha-HP-ENVY-Laptop" failures="0" tests="1" name="script.AddWishListWOLoginThroughCategory" time="27.832" errors="0" timestamp="2023-05-31T16:10:05 IST" skipped="0">
  <testcase classname="script.AddWishListWOLoginThroughCategory" name="AddProductWithoutLogin" time="27.832"/>
  <system-out/>
</testsuite> <!-- script.AddWishListWOLoginThroughCategory -->
