<?xml version="1.0" encoding="UTF-8"?>
<!-- Generated by org.testng.reporters.JUnitReportReporter -->
<testsuite hostname="Jisha-HP-ENVY-Laptop" failures="0" tests="1" name="script.ValidSignIn" time="28.071" errors="0" timestamp="25 May 2023 07:00:11 GMT" skipped="0">
  <testcase classname="script.ValidSignIn" name="testValidSignIn" time="28.071"/>
</testsuite> <!-- script.ValidSignIn -->
