<?xml version="1.0" encoding="UTF-8"?>
<!-- Generated by org.testng.reporters.JUnitReportReporter -->
<testsuite hostname="Jisha-HP-ENVY-Laptop" failures="0" tests="1" name="script.AddProductToWishlistByCategoryWithLogin" time="34.547" errors="0" timestamp="2023-05-31T17:02:11 IST" skipped="0">
  <testcase classname="script.AddProductToWishlistByCategoryWithLogin" name="AddProductWithLoginByCategory" time="34.547"/>
  <system-out/>
</testsuite> <!-- script.AddProductToWishlistByCategoryWithLogin -->
