<?xml version="1.0" encoding="UTF-8"?>
<!-- Generated by org.testng.reporters.JUnitReportReporter -->
<testsuite hostname="Jisha-HP-ENVY-Laptop" failures="0" tests="1" name="script.AddProducttoCartbyStoreWOL" time="53.725" errors="0" timestamp="2023-06-07T16:41:39 IST" skipped="0">
  <testcase classname="script.AddProducttoCartbyStoreWOL" name="AddproductbyStore" time="53.725"/>
  <system-out/>
</testsuite> <!-- script.AddProducttoCartbyStoreWOL -->
