<?xml version="1.0" encoding="UTF-8"?>
<!-- Generated by org.testng.reporters.JUnitReportReporter -->
<testsuite hostname="Jisha-HP-ENVY-Laptop" failures="0" tests="1" name="script.InvalidSignUp" time="32.176" errors="0" timestamp="2023-07-13T15:11:02 IST" skipped="0">
  <testcase classname="script.InvalidSignUp" name="testInvalidSignUpValidationMsg" time="32.176"/>
  <system-out/>
</testsuite> <!-- script.InvalidSignUp -->
