<?xml version="1.0" encoding="UTF-8"?>
<!-- Generated by org.testng.reporters.JUnitReportReporter -->
<testsuite hostname="Jisha-HP-ENVY-Laptop" failures="0" tests="1" name="script.SignUpPopUpDisplay" time="46.699" errors="0" timestamp="2023-07-10T11:23:39 IST" skipped="0">
  <testcase classname="script.SignUpPopUpDisplay" name="testSignUpPopUpDispaly" time="46.699"/>
  <system-out/>
</testsuite> <!-- script.SignUpPopUpDisplay -->
