<?xml version="1.0" encoding="UTF-8"?>
<!-- Generated by org.testng.reporters.JUnitReportReporter -->
<testsuite hostname="Jisha-HP-ENVY-Laptop" failures="0" tests="1" name="script.AddProdtoCartbyCategoryWL" time="61.376" errors="0" timestamp="2023-06-07T15:42:56 IST" skipped="0">
  <testcase classname="script.AddProdtoCartbyCategoryWL" name="AddprodbycatWL" time="61.376"/>
  <system-out/>
</testsuite> <!-- script.AddProdtoCartbyCategoryWL -->
