<?xml version="1.0" encoding="UTF-8"?>
<!-- Generated by org.testng.reporters.JUnitReportReporter -->
<testsuite hostname="Jisha-HP-ENVY-Laptop" failures="0" tests="1" name="script.AddProducttoCartbyCategoryWOL" time="66.516" errors="0" timestamp="2023-07-14T09:29:23 IST" skipped="0">
  <testcase classname="script.AddProducttoCartbyCategoryWOL" name="AddprodbycategoryWithOutLogin" time="66.516"/>
  <system-out/>
</testsuite> <!-- script.AddProducttoCartbyCategoryWOL -->
