<?xml version="1.0" encoding="UTF-8"?>
<!-- Generated by org.testng.reporters.JUnitReportReporter -->
<testsuite hostname="Jisha-HP-ENVY-Laptop" failures="0" tests="1" name="script.AddProdtoCartbyCategoryWithL" time="54.505" errors="0" timestamp="2023-07-14T09:25:11 IST" skipped="0">
  <testcase classname="script.AddProdtoCartbyCategoryWithL" name="AddprodbycatWL" time="54.505"/>
  <system-out/>
</testsuite> <!-- script.AddProdtoCartbyCategoryWithL -->
