<?xml version="1.0" encoding="UTF-8"?>
<!-- Generated by org.testng.reporters.JUnitReportReporter -->
<testsuite hostname="Jisha-HP-ENVY-Laptop" failures="0" tests="1" name="script.ProductHiddenInactiveCheck" time="44.452" errors="0" timestamp="2023-07-03T16:46:12 IST" skipped="0">
  <testcase classname="script.ProductHiddenInactiveCheck" name="HiddenProductCheck" time="44.452"/>
  <system-out/>
</testsuite> <!-- script.ProductHiddenInactiveCheck -->
