<?xml version="1.0" encoding="UTF-8"?>
<!-- Generated by org.testng.reporters.JUnitReportReporter -->
<testsuite hostname="Jisha-HP-ENVY-Laptop" failures="0" tests="1" name="script.ValidSignUp" time="82.083" errors="0" timestamp="2023-07-07T15:48:06 IST" skipped="0">
  <testcase classname="script.ValidSignUp" name="testValidSignUp" time="82.083"/>
  <system-out/>
</testsuite> <!-- script.ValidSignUp -->
