<?xml version="1.0" encoding="UTF-8"?>
<!-- Generated by org.testng.reporters.JUnitReportReporter -->
<testsuite hostname="Jisha-HP-ENVY-Laptop" failures="0" tests="1" name="script.NewCustomerCheckOutAndValidationForAddress" time="67.802" errors="0" timestamp="2023-07-06T15:22:30 IST" skipped="0">
  <testcase classname="script.NewCustomerCheckOutAndValidationForAddress" name="NewCustomerCheckOutWithAddressValidation" time="67.802"/>
  <system-out/>
</testsuite> <!-- script.NewCustomerCheckOutAndValidationForAddress -->
