<?xml version="1.0" encoding="UTF-8"?>
<!-- Generated by org.testng.reporters.JUnitReportReporter -->
<testsuite hostname="Jisha-HP-ENVY-Laptop" failures="0" tests="1" name="script.AddProductToWishListBySearchWithLogin" time="36.800" errors="0" timestamp="2023-05-31T15:14:05 IST" skipped="0">
  <testcase classname="script.AddProductToWishListBySearchWithLogin" name="AddProductWithLogin" time="36.800"/>
  <system-out/>
</testsuite> <!-- script.AddProductToWishListBySearchWithLogin -->
