<?xml version="1.0" encoding="UTF-8"?>
<!-- Generated by org.testng.reporters.JUnitReportReporter -->
<testsuite hostname="Jisha-HP-ENVY-Laptop" failures="0" tests="1" name="script.Logout" time="20.381" errors="0" timestamp="2023-07-11T16:35:40 IST" skipped="0">
  <testcase classname="script.Logout" name="testLogout" time="20.381"/>
  <system-out/>
</testsuite> <!-- script.Logout -->
