<?xml version="1.0" encoding="UTF-8"?>
<!-- Generated by org.testng.reporters.JUnitReportReporter -->
<testsuite hostname="Jisha-HP-ENVY-Laptop" failures="0" tests="1" name="script.SearchAddCartWithOutLogin" time="36.939" errors="0" timestamp="2023-07-14T09:21:14 IST" skipped="0">
  <testcase classname="script.SearchAddCartWithOutLogin" name="AddProduct" time="36.939"/>
  <system-out/>
</testsuite> <!-- script.SearchAddCartWithOutLogin -->
